1: O 1: started
2: O 2: started
3: H 1: started
4: O 3: started
5: H 2: started
6: H 3: started
7: H 4: started
8: H 5: started
9: O 1: going to queue
10: O 2: going to queue
11: H 1: going to queue
12: O 3: going to queue
13: H 2: going to queue
14: H 1: creating molecule 1
15: H 2: creating molecule 1
16: O 1: creating molecule 1
17: H 3: going to queue
18: H 4: going to queue
19: H 5: going to queue
20: O 1: molecule 1 created 
21: H 1: molecule 1 created
22: H 2: molecule 1 created
23: H 3: creating molecule 2
24: H 4: creating molecule 2
25: O 2: creating molecule 2
26: O 2: molecule 2 created 
27: H 3: molecule 2 created
28: H 4: molecule 2 created
29: H 5: not enough O or H 
30: O 3: creating molecule 2
31: O 3: molecule 2 created 
